{"/home/kryeziu/Bureau/Rrez'hair/api/src/controllers/creneauController.js": {"path":"/home/kryeziu/Bureau/Rrez'hair/api/src/controllers/creneauController.js","statementMap":{},"fnMap":{},"branchMap":{},"s":{},"f":{},"b":{}}
,"/home/kryeziu/Bureau/Rrez'hair/api/src/controllers/rendezvousController.js": {"path":"/home/kryeziu/Bureau/Rrez'hair/api/src/controllers/rendezvousController.js","statementMap":{},"fnMap":{},"branchMap":{},"s":{},"f":{},"b":{}}
,"/home/kryeziu/Bureau/Rrez'hair/api/src/controllers/userController.js": {"path":"/home/kryeziu/Bureau/Rrez'hair/api/src/controllers/userController.js","statementMap":{"0":{"start":{"line":1,"column":13},"end":{"line":1,"column":38}},"1":{"start":{"line":2,"column":12},"end":{"line":2,"column":35}},"2":{"start":{"line":4,"column":0},"end":{"line":14,"column":2}},"3":{"start":{"line":5,"column":2},"end":{"line":13,"column":3}},"4":{"start":{"line":6,"column":45},"end":{"line":6,"column":53}},"5":{"start":{"line":7,"column":23},"end":{"line":7,"column":52}},"6":{"start":{"line":8,"column":4},"end":{"line":8,"column":83}},"7":{"start":{"line":8,"column":20},"end":{"line":8,"column":83}},"8":{"start":{"line":9,"column":17},"end":{"line":9,"column":68}},"9":{"start":{"line":10,"column":4},"end":{"line":10,"column":102}},"10":{"start":{"line":12,"column":4},"end":{"line":12,"column":76}},"11":{"start":{"line":16,"column":0},"end":{"line":32,"column":2}},"12":{"start":{"line":17,"column":2},"end":{"line":31,"column":3}},"13":{"start":{"line":18,"column":32},"end":{"line":18,"column":40}},"14":{"start":{"line":19,"column":17},"end":{"line":19,"column":46}},"15":{"start":{"line":20,"column":4},"end":{"line":20,"column":91}},"16":{"start":{"line":20,"column":15},"end":{"line":20,"column":91}},"17":{"start":{"line":21,"column":20},"end":{"line":21,"column":56}},"18":{"start":{"line":22,"column":4},"end":{"line":22,"column":94}},"19":{"start":{"line":22,"column":18},"end":{"line":22,"column":94}},"20":{"start":{"line":23,"column":18},"end":{"line":27,"column":5}},"21":{"start":{"line":28,"column":4},"end":{"line":28,"column":24}},"22":{"start":{"line":30,"column":4},"end":{"line":30,"column":76}},"23":{"start":{"line":34,"column":0},"end":{"line":42,"column":2}},"24":{"start":{"line":35,"column":2},"end":{"line":41,"column":3}},"25":{"start":{"line":36,"column":17},"end":{"line":36,"column":69}},"26":{"start":{"line":37,"column":4},"end":{"line":37,"column":82}},"27":{"start":{"line":37,"column":15},"end":{"line":37,"column":82}},"28":{"start":{"line":38,"column":4},"end":{"line":38,"column":19}},"29":{"start":{"line":40,"column":4},"end":{"line":40,"column":76}},"30":{"start":{"line":45,"column":0},"end":{"line":58,"column":2}},"31":{"start":{"line":46,"column":2},"end":{"line":57,"column":3}},"32":{"start":{"line":47,"column":30},"end":{"line":47,"column":44}},"33":{"start":{"line":48,"column":4},"end":{"line":48,"column":94}},"34":{"start":{"line":48,"column":27},"end":{"line":48,"column":94}},"35":{"start":{"line":49,"column":4},"end":{"line":51,"column":5}},"36":{"start":{"line":50,"column":6},"end":{"line":50,"column":66}},"37":{"start":{"line":52,"column":17},"end":{"line":52,"column":89}},"38":{"start":{"line":53,"column":4},"end":{"line":53,"column":82}},"39":{"start":{"line":53,"column":15},"end":{"line":53,"column":82}},"40":{"start":{"line":54,"column":4},"end":{"line":54,"column":105}},"41":{"start":{"line":56,"column":4},"end":{"line":56,"column":76}}},"fnMap":{"0":{"name":"(anonymous_0)","decl":{"start":{"line":4,"column":19},"end":{"line":4,"column":20}},"loc":{"start":{"line":4,"column":39},"end":{"line":14,"column":1}},"line":4},"1":{"name":"(anonymous_1)","decl":{"start":{"line":16,"column":16},"end":{"line":16,"column":17}},"loc":{"start":{"line":16,"column":36},"end":{"line":32,"column":1}},"line":16},"2":{"name":"(anonymous_2)","decl":{"start":{"line":34,"column":13},"end":{"line":34,"column":14}},"loc":{"start":{"line":34,"column":33},"end":{"line":42,"column":1}},"line":34},"3":{"name":"(anonymous_3)","decl":{"start":{"line":45,"column":20},"end":{"line":45,"column":21}},"loc":{"start":{"line":45,"column":40},"end":{"line":58,"column":1}},"line":45}},"branchMap":{"0":{"loc":{"start":{"line":8,"column":4},"end":{"line":8,"column":83}},"type":"if","locations":[{"start":{"line":8,"column":4},"end":{"line":8,"column":83}},{"start":{},"end":{}}],"line":8},"1":{"loc":{"start":{"line":20,"column":4},"end":{"line":20,"column":91}},"type":"if","locations":[{"start":{"line":20,"column":4},"end":{"line":20,"column":91}},{"start":{},"end":{}}],"line":20},"2":{"loc":{"start":{"line":22,"column":4},"end":{"line":22,"column":94}},"type":"if","locations":[{"start":{"line":22,"column":4},"end":{"line":22,"column":94}},{"start":{},"end":{}}],"line":22},"3":{"loc":{"start":{"line":25,"column":6},"end":{"line":25,"column":43}},"type":"binary-expr","locations":[{"start":{"line":25,"column":6},"end":{"line":25,"column":28}},{"start":{"line":25,"column":32},"end":{"line":25,"column":43}}],"line":25},"4":{"loc":{"start":{"line":37,"column":4},"end":{"line":37,"column":82}},"type":"if","locations":[{"start":{"line":37,"column":4},"end":{"line":37,"column":82}},{"start":{},"end":{}}],"line":37},"5":{"loc":{"start":{"line":47,"column":30},"end":{"line":47,"column":44}},"type":"binary-expr","locations":[{"start":{"line":47,"column":30},"end":{"line":47,"column":38}},{"start":{"line":47,"column":42},"end":{"line":47,"column":44}}],"line":47},"6":{"loc":{"start":{"line":48,"column":4},"end":{"line":48,"column":94}},"type":"if","locations":[{"start":{"line":48,"column":4},"end":{"line":48,"column":94}},{"start":{},"end":{}}],"line":48},"7":{"loc":{"start":{"line":48,"column":8},"end":{"line":48,"column":25}},"type":"binary-expr","locations":[{"start":{"line":48,"column":8},"end":{"line":48,"column":14}},{"start":{"line":48,"column":18},"end":{"line":48,"column":25}}],"line":48},"8":{"loc":{"start":{"line":49,"column":4},"end":{"line":51,"column":5}},"type":"if","locations":[{"start":{"line":49,"column":4},"end":{"line":51,"column":5}},{"start":{},"end":{}}],"line":49},"9":{"loc":{"start":{"line":49,"column":20},"end":{"line":49,"column":66}},"type":"binary-expr","locations":[{"start":{"line":49,"column":20},"end":{"line":49,"column":44}},{"start":{"line":49,"column":48},"end":{"line":49,"column":66}}],"line":49},"10":{"loc":{"start":{"line":53,"column":4},"end":{"line":53,"column":82}},"type":"if","locations":[{"start":{"line":53,"column":4},"end":{"line":53,"column":82}},{"start":{},"end":{}}],"line":53}},"s":{"0":1,"1":1,"2":1,"3":6,"4":6,"5":6,"6":6,"7":1,"8":5,"9":5,"10":0,"11":1,"12":3,"13":3,"14":3,"15":3,"16":1,"17":2,"18":2,"19":1,"20":1,"21":1,"22":0,"23":1,"24":0,"25":0,"26":0,"27":0,"28":0,"29":0,"30":1,"31":0,"32":0,"33":0,"34":0,"35":0,"36":0,"37":0,"38":0,"39":0,"40":0,"41":0},"f":{"0":6,"1":3,"2":0,"3":0},"b":{"0":[1,5],"1":[1,2],"2":[1,1],"3":[1,1],"4":[0,0],"5":[0,0],"6":[0,0],"7":[0,0],"8":[0,0],"9":[0,0],"10":[0,0]},"_coverageSchema":"1a1c01bbd47fc00a2c39e90264f33305004495a9","hash":"64f788b8af0615684876a01362a51ac993ccd54b"}
,"/home/kryeziu/Bureau/Rrez'hair/api/src/middlewares/auth.js": {"path":"/home/kryeziu/Bureau/Rrez'hair/api/src/middlewares/auth.js","statementMap":{"0":{"start":{"line":1,"column":12},"end":{"line":1,"column":35}},"1":{"start":{"line":3,"column":0},"end":{"line":16,"column":2}},"2":{"start":{"line":4,"column":21},"end":{"line":4,"column":46}},"3":{"start":{"line":5,"column":2},"end":{"line":7,"column":3}},"4":{"start":{"line":6,"column":4},"end":{"line":6,"column":75}},"5":{"start":{"line":8,"column":16},"end":{"line":8,"column":40}},"6":{"start":{"line":9,"column":2},"end":{"line":15,"column":3}},"7":{"start":{"line":10,"column":20},"end":{"line":10,"column":76}},"8":{"start":{"line":11,"column":4},"end":{"line":11,"column":23}},"9":{"start":{"line":12,"column":4},"end":{"line":12,"column":11}},"10":{"start":{"line":14,"column":4},"end":{"line":14,"column":63}}},"fnMap":{"0":{"name":"(anonymous_0)","decl":{"start":{"line":3,"column":17},"end":{"line":3,"column":18}},"loc":{"start":{"line":3,"column":37},"end":{"line":16,"column":1}},"line":3}},"branchMap":{"0":{"loc":{"start":{"line":5,"column":2},"end":{"line":7,"column":3}},"type":"if","locations":[{"start":{"line":5,"column":2},"end":{"line":7,"column":3}},{"start":{},"end":{}}],"line":5},"1":{"loc":{"start":{"line":5,"column":6},"end":{"line":5,"column":54}},"type":"binary-expr","locations":[{"start":{"line":5,"column":6},"end":{"line":5,"column":17}},{"start":{"line":5,"column":21},"end":{"line":5,"column":54}}],"line":5},"2":{"loc":{"start":{"line":10,"column":38},"end":{"line":10,"column":75}},"type":"binary-expr","locations":[{"start":{"line":10,"column":38},"end":{"line":10,"column":60}},{"start":{"line":10,"column":64},"end":{"line":10,"column":75}}],"line":10}},"s":{"0":1,"1":1,"2":0,"3":0,"4":0,"5":0,"6":0,"7":0,"8":0,"9":0,"10":0},"f":{"0":0},"b":{"0":[0,0],"1":[0,0],"2":[0,0]},"_coverageSchema":"1a1c01bbd47fc00a2c39e90264f33305004495a9","hash":"124480d3f7c6ecc216956753f5ab575cbd6e384f"}
,"/home/kryeziu/Bureau/Rrez'hair/api/src/models/Creneau.js": {"path":"/home/kryeziu/Bureau/Rrez'hair/api/src/models/Creneau.js","statementMap":{"0":{"start":{"line":2,"column":17},"end":{"line":2,"column":36}},"1":{"start":{"line":4,"column":22},"end":{"line":8,"column":25}},"2":{"start":{"line":10,"column":0},"end":{"line":10,"column":58}}},"fnMap":{},"branchMap":{},"s":{"0":2,"1":2,"2":2},"f":{},"b":{},"_coverageSchema":"1a1c01bbd47fc00a2c39e90264f33305004495a9","hash":"8f71918affbdfaa79e4c87f90c4f01196eee5bf5"}
,"/home/kryeziu/Bureau/Rrez'hair/api/src/models/RendezVous.js": {"path":"/home/kryeziu/Bureau/Rrez'hair/api/src/models/RendezVous.js","statementMap":{"0":{"start":{"line":2,"column":17},"end":{"line":2,"column":36}},"1":{"start":{"line":4,"column":25},"end":{"line":18,"column":1}},"2":{"start":{"line":20,"column":0},"end":{"line":20,"column":64}}},"fnMap":{},"branchMap":{},"s":{"0":1,"1":1,"2":1},"f":{},"b":{},"_coverageSchema":"1a1c01bbd47fc00a2c39e90264f33305004495a9","hash":"f9f5a27a8fb3ffff7aaef0d5b1f22d62a5d71e7d"}
,"/home/kryeziu/Bureau/Rrez'hair/api/src/models/User.js": {"path":"/home/kryeziu/Bureau/Rrez'hair/api/src/models/User.js","statementMap":{"0":{"start":{"line":1,"column":17},"end":{"line":1,"column":36}},"1":{"start":{"line":2,"column":15},"end":{"line":2,"column":32}},"2":{"start":{"line":4,"column":19},"end":{"line":10,"column":2}},"3":{"start":{"line":12,"column":0},"end":{"line":16,"column":3}},"4":{"start":{"line":13,"column":2},"end":{"line":13,"column":50}},"5":{"start":{"line":13,"column":36},"end":{"line":13,"column":50}},"6":{"start":{"line":14,"column":2},"end":{"line":14,"column":55}},"7":{"start":{"line":15,"column":2},"end":{"line":15,"column":9}},"8":{"start":{"line":18,"column":0},"end":{"line":20,"column":2}},"9":{"start":{"line":19,"column":2},"end":{"line":19,"column":58}},"10":{"start":{"line":22,"column":0},"end":{"line":22,"column":52}}},"fnMap":{"0":{"name":"(anonymous_0)","decl":{"start":{"line":12,"column":23},"end":{"line":12,"column":24}},"loc":{"start":{"line":12,"column":45},"end":{"line":16,"column":1}},"line":12},"1":{"name":"(anonymous_1)","decl":{"start":{"line":18,"column":37},"end":{"line":18,"column":38}},"loc":{"start":{"line":18,"column":65},"end":{"line":20,"column":1}},"line":18}},"branchMap":{"0":{"loc":{"start":{"line":13,"column":2},"end":{"line":13,"column":50}},"type":"if","locations":[{"start":{"line":13,"column":2},"end":{"line":13,"column":50}},{"start":{},"end":{}}],"line":13}},"s":{"0":1,"1":1,"2":1,"3":1,"4":6,"5":0,"6":6,"7":6,"8":1,"9":2,"10":1},"f":{"0":6,"1":2},"b":{"0":[0,6]},"_coverageSchema":"1a1c01bbd47fc00a2c39e90264f33305004495a9","hash":"b227fc5fdf05c6eb85bf83dc7b04f66b440ae02f"}
,"/home/kryeziu/Bureau/Rrez'hair/api/src/routes/creneaux.js": {"path":"/home/kryeziu/Bureau/Rrez'hair/api/src/routes/creneaux.js","statementMap":{"0":{"start":{"line":1,"column":16},"end":{"line":1,"column":34}},"1":{"start":{"line":2,"column":15},"end":{"line":2,"column":31}},"2":{"start":{"line":3,"column":16},"end":{"line":3,"column":44}},"3":{"start":{"line":33,"column":0},"end":{"line":63,"column":3}},"4":{"start":{"line":34,"column":2},"end":{"line":62,"column":3}},"5":{"start":{"line":35,"column":21},"end":{"line":35,"column":30}},"6":{"start":{"line":36,"column":16},"end":{"line":36,"column":18}},"7":{"start":{"line":37,"column":4},"end":{"line":42,"column":5}},"8":{"start":{"line":39,"column":25},"end":{"line":39,"column":53}},"9":{"start":{"line":40,"column":23},"end":{"line":40,"column":55}},"10":{"start":{"line":41,"column":6},"end":{"line":41,"column":62}},"11":{"start":{"line":43,"column":18},"end":{"line":43,"column":62}},"12":{"start":{"line":44,"column":19},"end":{"line":58,"column":6}},"13":{"start":{"line":45,"column":17},"end":{"line":45,"column":34}},"14":{"start":{"line":46,"column":17},"end":{"line":46,"column":32}},"15":{"start":{"line":47,"column":22},"end":{"line":47,"column":51}},"16":{"start":{"line":48,"column":18},"end":{"line":48,"column":89}},"17":{"start":{"line":48,"column":25},"end":{"line":48,"column":89}},"18":{"start":{"line":49,"column":6},"end":{"line":57,"column":8}},"19":{"start":{"line":59,"column":4},"end":{"line":59,"column":21}},"20":{"start":{"line":61,"column":4},"end":{"line":61,"column":103}},"21":{"start":{"line":105,"column":0},"end":{"line":132,"column":3}},"22":{"start":{"line":106,"column":2},"end":{"line":131,"column":3}},"23":{"start":{"line":107,"column":64},"end":{"line":107,"column":78}},"24":{"start":{"line":109,"column":19},"end":{"line":109,"column":24}},"25":{"start":{"line":110,"column":17},"end":{"line":110,"column":20}},"26":{"start":{"line":113,"column":4},"end":{"line":121,"column":5}},"27":{"start":{"line":114,"column":25},"end":{"line":114,"column":56}},"28":{"start":{"line":115,"column":23},"end":{"line":115,"column":52}},"29":{"start":{"line":116,"column":6},"end":{"line":118,"column":7}},"30":{"start":{"line":117,"column":8},"end":{"line":117,"column":88}},"31":{"start":{"line":119,"column":6},"end":{"line":119,"column":42}},"32":{"start":{"line":120,"column":6},"end":{"line":120,"column":38}},"33":{"start":{"line":123,"column":4},"end":{"line":125,"column":5}},"34":{"start":{"line":124,"column":6},"end":{"line":124,"column":119}},"35":{"start":{"line":127,"column":20},"end":{"line":127,"column":86}},"36":{"start":{"line":128,"column":4},"end":{"line":128,"column":34}},"37":{"start":{"line":130,"column":4},"end":{"line":130,"column":79}},"38":{"start":{"line":173,"column":0},"end":{"line":181,"column":3}},"39":{"start":{"line":174,"column":2},"end":{"line":180,"column":3}},"40":{"start":{"line":175,"column":20},"end":{"line":175,"column":91}},"41":{"start":{"line":176,"column":4},"end":{"line":176,"column":81}},"42":{"start":{"line":176,"column":18},"end":{"line":176,"column":81}},"43":{"start":{"line":177,"column":4},"end":{"line":177,"column":22}},"44":{"start":{"line":179,"column":4},"end":{"line":179,"column":82}},"45":{"start":{"line":205,"column":0},"end":{"line":213,"column":3}},"46":{"start":{"line":206,"column":2},"end":{"line":212,"column":3}},"47":{"start":{"line":207,"column":20},"end":{"line":207,"column":66}},"48":{"start":{"line":208,"column":4},"end":{"line":208,"column":81}},"49":{"start":{"line":208,"column":18},"end":{"line":208,"column":81}},"50":{"start":{"line":209,"column":4},"end":{"line":209,"column":65}},"51":{"start":{"line":211,"column":4},"end":{"line":211,"column":82}},"52":{"start":{"line":249,"column":0},"end":{"line":290,"column":3}},"53":{"start":{"line":250,"column":2},"end":{"line":289,"column":3}},"54":{"start":{"line":251,"column":56},"end":{"line":251,"column":70}},"55":{"start":{"line":252,"column":4},"end":{"line":254,"column":5}},"56":{"start":{"line":253,"column":6},"end":{"line":253,"column":82}},"57":{"start":{"line":255,"column":4},"end":{"line":257,"column":5}},"58":{"start":{"line":256,"column":6},"end":{"line":256,"column":80}},"59":{"start":{"line":259,"column":20},"end":{"line":259,"column":22}},"60":{"start":{"line":261,"column":4},"end":{"line":284,"column":5}},"61":{"start":{"line":262,"column":29},"end":{"line":262,"column":36}},"62":{"start":{"line":263,"column":6},"end":{"line":263,"column":35}},"63":{"start":{"line":263,"column":26},"end":{"line":263,"column":35}},"64":{"start":{"line":265,"column":16},"end":{"line":265,"column":47}},"65":{"start":{"line":266,"column":20},"end":{"line":266,"column":49}},"66":{"start":{"line":267,"column":6},"end":{"line":267,"column":83}},"67":{"start":{"line":267,"column":74},"end":{"line":267,"column":83}},"68":{"start":{"line":269,"column":6},"end":{"line":283,"column":7}},"69":{"start":{"line":270,"column":21},"end":{"line":270,"column":74}},"70":{"start":{"line":271,"column":8},"end":{"line":271,"column":32}},"71":{"start":{"line":271,"column":26},"end":{"line":271,"column":32}},"72":{"start":{"line":273,"column":25},"end":{"line":273,"column":42}},"73":{"start":{"line":274,"column":23},"end":{"line":274,"column":41}},"74":{"start":{"line":277,"column":23},"end":{"line":277,"column":78}},"75":{"start":{"line":278,"column":8},"end":{"line":281,"column":9}},"76":{"start":{"line":279,"column":22},"end":{"line":279,"column":94}},"77":{"start":{"line":280,"column":10},"end":{"line":280,"column":28}},"78":{"start":{"line":282,"column":8},"end":{"line":282,"column":19}},"79":{"start":{"line":286,"column":4},"end":{"line":286,"column":68}},"80":{"start":{"line":288,"column":4},"end":{"line":288,"column":84}},"81":{"start":{"line":292,"column":0},"end":{"line":292,"column":24}}},"fnMap":{"0":{"name":"(anonymous_0)","decl":{"start":{"line":33,"column":16},"end":{"line":33,"column":17}},"loc":{"start":{"line":33,"column":36},"end":{"line":63,"column":1}},"line":33},"1":{"name":"(anonymous_1)","decl":{"start":{"line":44,"column":29},"end":{"line":44,"column":30}},"loc":{"start":{"line":44,"column":36},"end":{"line":58,"column":5}},"line":44},"2":{"name":"(anonymous_2)","decl":{"start":{"line":48,"column":18},"end":{"line":48,"column":19}},"loc":{"start":{"line":48,"column":25},"end":{"line":48,"column":89}},"line":48},"3":{"name":"(anonymous_3)","decl":{"start":{"line":105,"column":17},"end":{"line":105,"column":18}},"loc":{"start":{"line":105,"column":37},"end":{"line":132,"column":1}},"line":105},"4":{"name":"(anonymous_4)","decl":{"start":{"line":173,"column":21},"end":{"line":173,"column":22}},"loc":{"start":{"line":173,"column":41},"end":{"line":181,"column":1}},"line":173},"5":{"name":"(anonymous_5)","decl":{"start":{"line":205,"column":22},"end":{"line":205,"column":23}},"loc":{"start":{"line":205,"column":42},"end":{"line":213,"column":1}},"line":205},"6":{"name":"(anonymous_6)","decl":{"start":{"line":249,"column":21},"end":{"line":249,"column":22}},"loc":{"start":{"line":249,"column":41},"end":{"line":290,"column":1}},"line":249}},"branchMap":{"0":{"loc":{"start":{"line":37,"column":4},"end":{"line":42,"column":5}},"type":"if","locations":[{"start":{"line":37,"column":4},"end":{"line":42,"column":5}},{"start":{},"end":{}}],"line":37},"1":{"loc":{"start":{"line":107,"column":24},"end":{"line":107,"column":41}},"type":"default-arg","locations":[{"start":{"line":107,"column":37},"end":{"line":107,"column":41}}],"line":107},"2":{"loc":{"start":{"line":107,"column":64},"end":{"line":107,"column":78}},"type":"binary-expr","locations":[{"start":{"line":107,"column":64},"end":{"line":107,"column":72}},{"start":{"line":107,"column":76},"end":{"line":107,"column":78}}],"line":107},"3":{"loc":{"start":{"line":113,"column":4},"end":{"line":121,"column":5}},"type":"if","locations":[{"start":{"line":113,"column":4},"end":{"line":121,"column":5}},{"start":{},"end":{}}],"line":113},"4":{"loc":{"start":{"line":113,"column":8},"end":{"line":113,"column":54}},"type":"binary-expr","locations":[{"start":{"line":113,"column":9},"end":{"line":113,"column":18}},{"start":{"line":113,"column":22},"end":{"line":113,"column":29}},{"start":{"line":113,"column":34},"end":{"line":113,"column":38}},{"start":{"line":113,"column":42},"end":{"line":113,"column":47}},{"start":{"line":113,"column":51},"end":{"line":113,"column":54}}],"line":113},"5":{"loc":{"start":{"line":116,"column":6},"end":{"line":118,"column":7}},"type":"if","locations":[{"start":{"line":116,"column":6},"end":{"line":118,"column":7}},{"start":{},"end":{}}],"line":116},"6":{"loc":{"start":{"line":116,"column":10},"end":{"line":116,"column":66}},"type":"binary-expr","locations":[{"start":{"line":116,"column":10},"end":{"line":116,"column":37}},{"start":{"line":116,"column":41},"end":{"line":116,"column":66}}],"line":116},"7":{"loc":{"start":{"line":123,"column":4},"end":{"line":125,"column":5}},"type":"if","locations":[{"start":{"line":123,"column":4},"end":{"line":125,"column":5}},{"start":{},"end":{}}],"line":123},"8":{"loc":{"start":{"line":123,"column":8},"end":{"line":123,"column":28}},"type":"binary-expr","locations":[{"start":{"line":123,"column":8},"end":{"line":123,"column":17}},{"start":{"line":123,"column":21},"end":{"line":123,"column":28}}],"line":123},"9":{"loc":{"start":{"line":176,"column":4},"end":{"line":176,"column":81}},"type":"if","locations":[{"start":{"line":176,"column":4},"end":{"line":176,"column":81}},{"start":{},"end":{}}],"line":176},"10":{"loc":{"start":{"line":208,"column":4},"end":{"line":208,"column":81}},"type":"if","locations":[{"start":{"line":208,"column":4},"end":{"line":208,"column":81}},{"start":{},"end":{}}],"line":208},"11":{"loc":{"start":{"line":251,"column":18},"end":{"line":251,"column":29}},"type":"default-arg","locations":[{"start":{"line":251,"column":27},"end":{"line":251,"column":29}}],"line":251},"12":{"loc":{"start":{"line":251,"column":31},"end":{"line":251,"column":51}},"type":"default-arg","locations":[{"start":{"line":251,"column":49},"end":{"line":251,"column":51}}],"line":251},"13":{"loc":{"start":{"line":251,"column":56},"end":{"line":251,"column":70}},"type":"binary-expr","locations":[{"start":{"line":251,"column":56},"end":{"line":251,"column":64}},{"start":{"line":251,"column":68},"end":{"line":251,"column":70}}],"line":251},"14":{"loc":{"start":{"line":252,"column":4},"end":{"line":254,"column":5}},"type":"if","locations":[{"start":{"line":252,"column":4},"end":{"line":254,"column":5}},{"start":{},"end":{}}],"line":252},"15":{"loc":{"start":{"line":252,"column":8},"end":{"line":252,"column":62}},"type":"binary-expr","locations":[{"start":{"line":252,"column":8},"end":{"line":252,"column":13}},{"start":{"line":252,"column":17},"end":{"line":252,"column":39}},{"start":{"line":252,"column":43},"end":{"line":252,"column":62}}],"line":252},"16":{"loc":{"start":{"line":255,"column":4},"end":{"line":257,"column":5}},"type":"if","locations":[{"start":{"line":255,"column":4},"end":{"line":257,"column":5}},{"start":{},"end":{}}],"line":255},"17":{"loc":{"start":{"line":255,"column":8},"end":{"line":255,"column":48}},"type":"binary-expr","locations":[{"start":{"line":255,"column":8},"end":{"line":255,"column":24}},{"start":{"line":255,"column":28},"end":{"line":255,"column":48}}],"line":255},"18":{"loc":{"start":{"line":262,"column":29},"end":{"line":262,"column":36}},"type":"binary-expr","locations":[{"start":{"line":262,"column":29},"end":{"line":262,"column":30}},{"start":{"line":262,"column":34},"end":{"line":262,"column":36}}],"line":262},"19":{"loc":{"start":{"line":263,"column":6},"end":{"line":263,"column":35}},"type":"if","locations":[{"start":{"line":263,"column":6},"end":{"line":263,"column":35}},{"start":{},"end":{}}],"line":263},"20":{"loc":{"start":{"line":263,"column":10},"end":{"line":263,"column":24}},"type":"binary-expr","locations":[{"start":{"line":263,"column":10},"end":{"line":263,"column":16}},{"start":{"line":263,"column":20},"end":{"line":263,"column":24}}],"line":263},"21":{"loc":{"start":{"line":267,"column":6},"end":{"line":267,"column":83}},"type":"if","locations":[{"start":{"line":267,"column":6},"end":{"line":267,"column":83}},{"start":{},"end":{}}],"line":267},"22":{"loc":{"start":{"line":267,"column":10},"end":{"line":267,"column":72}},"type":"binary-expr","locations":[{"start":{"line":267,"column":10},"end":{"line":267,"column":30}},{"start":{"line":267,"column":34},"end":{"line":267,"column":56}},{"start":{"line":267,"column":60},"end":{"line":267,"column":72}}],"line":267},"23":{"loc":{"start":{"line":271,"column":8},"end":{"line":271,"column":32}},"type":"if","locations":[{"start":{"line":271,"column":8},"end":{"line":271,"column":32}},{"start":{},"end":{}}],"line":271},"24":{"loc":{"start":{"line":278,"column":8},"end":{"line":281,"column":9}},"type":"if","locations":[{"start":{"line":278,"column":8},"end":{"line":281,"column":9}},{"start":{},"end":{}}],"line":278}},"s":{"0":1,"1":1,"2":1,"3":1,"4":3,"5":3,"6":3,"7":3,"8":1,"9":1,"10":1,"11":3,"12":3,"13":6,"14":6,"15":6,"16":6,"17":12,"18":6,"19":3,"20":0,"21":1,"22":3,"23":3,"24":3,"25":3,"26":3,"27":1,"28":1,"29":1,"30":0,"31":1,"32":1,"33":3,"34":1,"35":2,"36":2,"37":0,"38":1,"39":0,"40":0,"41":0,"42":0,"43":0,"44":0,"45":1,"46":2,"47":2,"48":2,"49":1,"50":1,"51":0,"52":1,"53":2,"54":2,"55":2,"56":0,"57":2,"58":1,"59":1,"60":1,"61":2,"62":2,"63":0,"64":2,"65":2,"66":2,"67":0,"68":2,"69":12,"70":12,"71":0,"72":12,"73":12,"74":12,"75":12,"76":12,"77":12,"78":12,"79":1,"80":0,"81":1},"f":{"0":3,"1":6,"2":12,"3":3,"4":0,"5":2,"6":2},"b":{"0":[1,2],"1":[3],"2":[3,0],"3":[1,2],"4":[3,1,2,1,1],"5":[0,1],"6":[1,1],"7":[1,2],"8":[3,2],"9":[0,0],"10":[1,1],"11":[0],"12":[0],"13":[2,0],"14":[0,2],"15":[2,2,2],"16":[1,1],"17":[2,1],"18":[2,0],"19":[0,2],"20":[2,2],"21":[0,2],"22":[2,2,2],"23":[0,12],"24":[12,0]},"_coverageSchema":"1a1c01bbd47fc00a2c39e90264f33305004495a9","hash":"f46fb63a68e27a2a721bc35d22f321b0fce10612"}
,"/home/kryeziu/Bureau/Rrez'hair/api/src/routes/rendezvous.js": {"path":"/home/kryeziu/Bureau/Rrez'hair/api/src/routes/rendezvous.js","statementMap":{"0":{"start":{"line":1,"column":16},"end":{"line":1,"column":34}},"1":{"start":{"line":2,"column":15},"end":{"line":2,"column":31}},"2":{"start":{"line":3,"column":16},"end":{"line":3,"column":44}},"3":{"start":{"line":4,"column":19},"end":{"line":4,"column":50}},"4":{"start":{"line":30,"column":0},"end":{"line":47,"column":3}},"5":{"start":{"line":31,"column":2},"end":{"line":46,"column":3}},"6":{"start":{"line":32,"column":64},"end":{"line":32,"column":72}},"7":{"start":{"line":33,"column":4},"end":{"line":33,"column":85}},"8":{"start":{"line":33,"column":20},"end":{"line":33,"column":85}},"9":{"start":{"line":35,"column":20},"end":{"line":35,"column":53}},"10":{"start":{"line":36,"column":4},"end":{"line":36,"column":82}},"11":{"start":{"line":36,"column":18},"end":{"line":36,"column":82}},"12":{"start":{"line":37,"column":4},"end":{"line":37,"column":96}},"13":{"start":{"line":37,"column":29},"end":{"line":37,"column":96}},"14":{"start":{"line":39,"column":16},"end":{"line":39,"column":92}},"15":{"start":{"line":40,"column":4},"end":{"line":40,"column":31}},"16":{"start":{"line":41,"column":4},"end":{"line":41,"column":25}},"17":{"start":{"line":43,"column":4},"end":{"line":43,"column":30}},"18":{"start":{"line":45,"column":4},"end":{"line":45,"column":79}},"19":{"start":{"line":62,"column":0},"end":{"line":69,"column":3}},"20":{"start":{"line":63,"column":2},"end":{"line":68,"column":3}},"21":{"start":{"line":64,"column":17},"end":{"line":64,"column":86}},"22":{"start":{"line":65,"column":4},"end":{"line":65,"column":19}},"23":{"start":{"line":67,"column":4},"end":{"line":67,"column":106}},"24":{"start":{"line":93,"column":0},"end":{"line":109,"column":3}},"25":{"start":{"line":94,"column":2},"end":{"line":108,"column":3}},"26":{"start":{"line":95,"column":16},"end":{"line":95,"column":56}},"27":{"start":{"line":96,"column":4},"end":{"line":96,"column":81}},"28":{"start":{"line":96,"column":14},"end":{"line":96,"column":81}},"29":{"start":{"line":98,"column":4},"end":{"line":103,"column":5}},"30":{"start":{"line":99,"column":6},"end":{"line":99,"column":28}},"31":{"start":{"line":100,"column":6},"end":{"line":100,"column":23}},"32":{"start":{"line":102,"column":6},"end":{"line":102,"column":75}},"33":{"start":{"line":105,"column":4},"end":{"line":105,"column":53}},"34":{"start":{"line":107,"column":4},"end":{"line":107,"column":81}},"35":{"start":{"line":111,"column":0},"end":{"line":111,"column":24}}},"fnMap":{"0":{"name":"(anonymous_0)","decl":{"start":{"line":30,"column":17},"end":{"line":30,"column":18}},"loc":{"start":{"line":30,"column":37},"end":{"line":47,"column":1}},"line":30},"1":{"name":"(anonymous_1)","decl":{"start":{"line":62,"column":16},"end":{"line":62,"column":17}},"loc":{"start":{"line":62,"column":36},"end":{"line":69,"column":1}},"line":62},"2":{"name":"(anonymous_2)","decl":{"start":{"line":93,"column":28},"end":{"line":93,"column":29}},"loc":{"start":{"line":93,"column":48},"end":{"line":109,"column":1}},"line":93}},"branchMap":{"0":{"loc":{"start":{"line":33,"column":4},"end":{"line":33,"column":85}},"type":"if","locations":[{"start":{"line":33,"column":4},"end":{"line":33,"column":85}},{"start":{},"end":{}}],"line":33},"1":{"loc":{"start":{"line":36,"column":4},"end":{"line":36,"column":82}},"type":"if","locations":[{"start":{"line":36,"column":4},"end":{"line":36,"column":82}},{"start":{},"end":{}}],"line":36},"2":{"loc":{"start":{"line":37,"column":4},"end":{"line":37,"column":96}},"type":"if","locations":[{"start":{"line":37,"column":4},"end":{"line":37,"column":96}},{"start":{},"end":{}}],"line":37},"3":{"loc":{"start":{"line":96,"column":4},"end":{"line":96,"column":81}},"type":"if","locations":[{"start":{"line":96,"column":4},"end":{"line":96,"column":81}},{"start":{},"end":{}}],"line":96},"4":{"loc":{"start":{"line":98,"column":4},"end":{"line":103,"column":5}},"type":"if","locations":[{"start":{"line":98,"column":4},"end":{"line":103,"column":5}},{"start":{},"end":{}}],"line":98}},"s":{"0":1,"1":1,"2":1,"3":1,"4":1,"5":4,"6":4,"7":4,"8":1,"9":3,"10":3,"11":1,"12":2,"13":1,"14":1,"15":1,"16":1,"17":1,"18":0,"19":1,"20":2,"21":2,"22":2,"23":0,"24":1,"25":4,"26":4,"27":4,"28":1,"29":3,"30":2,"31":2,"32":2,"33":3,"34":0,"35":1},"f":{"0":4,"1":2,"2":4},"b":{"0":[1,3],"1":[1,2],"2":[1,1],"3":[1,3],"4":[2,1]},"_coverageSchema":"1a1c01bbd47fc00a2c39e90264f33305004495a9","hash":"816eb95926a9c4bb9f5a2b2c3d40007be3c95fd6"}
,"/home/kryeziu/Bureau/Rrez'hair/api/src/routes/users.js": {"path":"/home/kryeziu/Bureau/Rrez'hair/api/src/routes/users.js","statementMap":{"0":{"start":{"line":1,"column":16},"end":{"line":1,"column":34}},"1":{"start":{"line":2,"column":15},"end":{"line":2,"column":31}},"2":{"start":{"line":3,"column":23},"end":{"line":3,"column":63}},"3":{"start":{"line":4,"column":13},"end":{"line":4,"column":43}},"4":{"start":{"line":32,"column":0},"end":{"line":32,"column":50}},"5":{"start":{"line":56,"column":0},"end":{"line":56,"column":44}},"6":{"start":{"line":71,"column":0},"end":{"line":71,"column":43}},"7":{"start":{"line":96,"column":0},"end":{"line":96,"column":53}},"8":{"start":{"line":98,"column":0},"end":{"line":98,"column":24}}},"fnMap":{},"branchMap":{},"s":{"0":1,"1":1,"2":1,"3":1,"4":1,"5":1,"6":1,"7":1,"8":1},"f":{},"b":{},"_coverageSchema":"1a1c01bbd47fc00a2c39e90264f33305004495a9","hash":"e9672aebb38c6e7270c22aa0eee2eba1a3f511bb"}
}
