TN:
SF:src/controllers/creneauController.js
FNF:0
FNH:0
LF:0
LH:0
BRF:0
BRH:0
end_of_record
TN:
SF:src/controllers/rendezvousController.js
FNF:0
FNH:0
LF:0
LH:0
BRF:0
BRH:0
end_of_record
TN:
SF:src/controllers/userController.js
FN:4,(anonymous_0)
FN:16,(anonymous_1)
FN:34,(anonymous_2)
FN:45,(anonymous_3)
FNF:4
FNH:2
FNDA:6,(anonymous_0)
FNDA:3,(anonymous_1)
FNDA:0,(anonymous_2)
FNDA:0,(anonymous_3)
DA:1,1
DA:2,1
DA:4,1
DA:5,6
DA:6,6
DA:7,6
DA:8,6
DA:9,5
DA:10,5
DA:12,0
DA:16,1
DA:17,3
DA:18,3
DA:19,3
DA:20,3
DA:21,2
DA:22,2
DA:23,1
DA:28,1
DA:30,0
DA:34,1
DA:35,0
DA:36,0
DA:37,0
DA:38,0
DA:40,0
DA:45,1
DA:46,0
DA:47,0
DA:48,0
DA:49,0
DA:50,0
DA:52,0
DA:53,0
DA:54,0
DA:56,0
LF:36
LH:20
BRDA:8,0,0,1
BRDA:8,0,1,5
BRDA:20,1,0,1
BRDA:20,1,1,2
BRDA:22,2,0,1
BRDA:22,2,1,1
BRDA:25,3,0,1
BRDA:25,3,1,1
BRDA:37,4,0,0
BRDA:37,4,1,0
BRDA:47,5,0,0
BRDA:47,5,1,0
BRDA:48,6,0,0
BRDA:48,6,1,0
BRDA:48,7,0,0
BRDA:48,7,1,0
BRDA:49,8,0,0
BRDA:49,8,1,0
BRDA:49,9,0,0
BRDA:49,9,1,0
BRDA:53,10,0,0
BRDA:53,10,1,0
BRF:22
BRH:8
end_of_record
TN:
SF:src/middlewares/auth.js
FN:3,(anonymous_0)
FNF:1
FNH:0
FNDA:0,(anonymous_0)
DA:1,1
DA:3,1
DA:4,0
DA:5,0
DA:6,0
DA:8,0
DA:9,0
DA:10,0
DA:11,0
DA:12,0
DA:14,0
LF:11
LH:2
BRDA:5,0,0,0
BRDA:5,0,1,0
BRDA:5,1,0,0
BRDA:5,1,1,0
BRDA:10,2,0,0
BRDA:10,2,1,0
BRF:6
BRH:0
end_of_record
TN:
SF:src/models/Creneau.js
FNF:0
FNH:0
DA:2,2
DA:4,2
DA:10,2
LF:3
LH:3
BRF:0
BRH:0
end_of_record
TN:
SF:src/models/RendezVous.js
FNF:0
FNH:0
DA:2,1
DA:4,1
DA:20,1
LF:3
LH:3
BRF:0
BRH:0
end_of_record
TN:
SF:src/models/User.js
FN:12,(anonymous_0)
FN:18,(anonymous_1)
FNF:2
FNH:2
FNDA:6,(anonymous_0)
FNDA:2,(anonymous_1)
DA:1,1
DA:2,1
DA:4,1
DA:12,1
DA:13,6
DA:14,6
DA:15,6
DA:18,1
DA:19,2
DA:22,1
LF:10
LH:10
BRDA:13,0,0,0
BRDA:13,0,1,6
BRF:2
BRH:1
end_of_record
TN:
SF:src/routes/creneaux.js
FN:33,(anonymous_0)
FN:44,(anonymous_1)
FN:48,(anonymous_2)
FN:105,(anonymous_3)
FN:173,(anonymous_4)
FN:205,(anonymous_5)
FN:249,(anonymous_6)
FNF:7
FNH:6
FNDA:3,(anonymous_0)
FNDA:6,(anonymous_1)
FNDA:12,(anonymous_2)
FNDA:3,(anonymous_3)
FNDA:0,(anonymous_4)
FNDA:2,(anonymous_5)
FNDA:2,(anonymous_6)
DA:1,1
DA:2,1
DA:3,1
DA:33,1
DA:34,3
DA:35,3
DA:36,3
DA:37,3
DA:39,1
DA:40,1
DA:41,1
DA:43,3
DA:44,3
DA:45,6
DA:46,6
DA:47,6
DA:48,12
DA:49,6
DA:59,3
DA:61,0
DA:105,1
DA:106,3
DA:107,3
DA:109,3
DA:110,3
DA:113,3
DA:114,1
DA:115,1
DA:116,1
DA:117,0
DA:119,1
DA:120,1
DA:123,3
DA:124,1
DA:127,2
DA:128,2
DA:130,0
DA:173,1
DA:174,0
DA:175,0
DA:176,0
DA:177,0
DA:179,0
DA:205,1
DA:206,2
DA:207,2
DA:208,2
DA:209,1
DA:211,0
DA:249,1
DA:250,2
DA:251,2
DA:252,2
DA:253,0
DA:255,2
DA:256,1
DA:259,1
DA:261,1
DA:262,2
DA:263,2
DA:265,2
DA:266,2
DA:267,2
DA:269,2
DA:270,12
DA:271,12
DA:273,12
DA:274,12
DA:277,12
DA:278,12
DA:279,12
DA:280,12
DA:282,12
DA:286,1
DA:288,0
DA:292,1
LF:76
LH:65
BRDA:37,0,0,1
BRDA:37,0,1,2
BRDA:107,1,0,3
BRDA:107,2,0,3
BRDA:107,2,1,0
BRDA:113,3,0,1
BRDA:113,3,1,2
BRDA:113,4,0,3
BRDA:113,4,1,1
BRDA:113,4,2,2
BRDA:113,4,3,1
BRDA:113,4,4,1
BRDA:116,5,0,0
BRDA:116,5,1,1
BRDA:116,6,0,1
BRDA:116,6,1,1
BRDA:123,7,0,1
BRDA:123,7,1,2
BRDA:123,8,0,3
BRDA:123,8,1,2
BRDA:176,9,0,0
BRDA:176,9,1,0
BRDA:208,10,0,1
BRDA:208,10,1,1
BRDA:251,11,0,0
BRDA:251,12,0,0
BRDA:251,13,0,2
BRDA:251,13,1,0
BRDA:252,14,0,0
BRDA:252,14,1,2
BRDA:252,15,0,2
BRDA:252,15,1,2
BRDA:252,15,2,2
BRDA:255,16,0,1
BRDA:255,16,1,1
BRDA:255,17,0,2
BRDA:255,17,1,1
BRDA:262,18,0,2
BRDA:262,18,1,0
BRDA:263,19,0,0
BRDA:263,19,1,2
BRDA:263,20,0,2
BRDA:263,20,1,2
BRDA:267,21,0,0
BRDA:267,21,1,2
BRDA:267,22,0,2
BRDA:267,22,1,2
BRDA:267,22,2,2
BRDA:271,23,0,0
BRDA:271,23,1,12
BRDA:278,24,0,12
BRDA:278,24,1,0
BRF:52
BRH:39
end_of_record
TN:
SF:src/routes/rendezvous.js
FN:30,(anonymous_0)
FN:62,(anonymous_1)
FN:93,(anonymous_2)
FNF:3
FNH:3
FNDA:4,(anonymous_0)
FNDA:2,(anonymous_1)
FNDA:4,(anonymous_2)
DA:1,1
DA:2,1
DA:3,1
DA:4,1
DA:30,1
DA:31,4
DA:32,4
DA:33,4
DA:35,3
DA:36,3
DA:37,2
DA:39,1
DA:40,1
DA:41,1
DA:43,1
DA:45,0
DA:62,1
DA:63,2
DA:64,2
DA:65,2
DA:67,0
DA:93,1
DA:94,4
DA:95,4
DA:96,4
DA:98,3
DA:99,2
DA:100,2
DA:102,2
DA:105,3
DA:107,0
DA:111,1
LF:32
LH:29
BRDA:33,0,0,1
BRDA:33,0,1,3
BRDA:36,1,0,1
BRDA:36,1,1,2
BRDA:37,2,0,1
BRDA:37,2,1,1
BRDA:96,3,0,1
BRDA:96,3,1,3
BRDA:98,4,0,2
BRDA:98,4,1,1
BRF:10
BRH:10
end_of_record
TN:
SF:src/routes/users.js
FNF:0
FNH:0
DA:1,1
DA:2,1
DA:3,1
DA:4,1
DA:32,1
DA:56,1
DA:71,1
DA:96,1
DA:98,1
LF:9
LH:9
BRF:0
BRH:0
end_of_record
